<?xml version="1.0" encoding="UTF-8"?>
<testsuite xmlns:xsi="http://www.w3.org/2001/XMLSchema-instance" xsi:noNamespaceSchemaLocation="https://maven.apache.org/surefire/maven-surefire-plugin/xsd/surefire-test-report-3.0.xsd" version="3.0" name="com.wangr.aichat.AichatTest" time="2.984" tests="1" errors="0" skipped="0" failures="0">
  <properties>
[...]
</properties>
  <testcase name="doTest" classname="com.wangr.aichat.AichatTest" time="2.974">
    <system-out><![CDATA[2025-12-08 15:40:02.707  INFO 30980 --- [           main] .b.t.c.SpringBootTestContextBootstrapper : Neither @ContextConfiguration nor @ContextHierarchy found for test class [com.wangr.aichat.AichatTest], using SpringBootContextLoader
2025-12-08 15:40:02.707  INFO 30980 --- [           main] o.s.t.c.support.AbstractContextLoader    : Could not detect default resource locations for test class [com.wangr.aichat.AichatTest]: no resource found for suffixes {-context.xml, Context.groovy}.
2025-12-08 15:40:02.707  INFO 30980 --- [           main] t.c.s.AnnotationConfigContextLoaderUtils : Could not detect default configuration classes for test class [com.wangr.aichat.AichatTest]: AichatTest does not declare any static, non-private, non-final, nested classes annotated with @Configuration.
2025-12-08 15:40:02.713  INFO 30980 --- [           main] .b.t.c.SpringBootTestContextBootstrapper : Found @SpringBootConfiguration com.wangr.aichat.AichatApplication for test class com.wangr.aichat.AichatTest
2025-12-08 15:40:02.714  INFO 30980 --- [           main] .b.t.c.SpringBootTestContextBootstrapper : Loaded default TestExecutionListener class names from location [META-INF/spring.factories]: [org.springframework.boot.test.mock.mockito.MockitoTestExecutionListener, org.springframework.boot.test.mock.mockito.ResetMocksTestExecutionListener, org.springframework.boot.test.autoconfigure.restdocs.RestDocsTestExecutionListener, org.springframework.boot.test.autoconfigure.web.client.MockRestServiceServerResetTestExecutionListener, org.springframework.boot.test.autoconfigure.web.servlet.MockMvcPrintOnlyOnFailureTestExecutionListener, org.springframework.boot.test.autoconfigure.web.servlet.WebDriverTestExecutionListener, org.springframework.boot.test.autoconfigure.webservices.client.MockWebServiceServerTestExecutionListener, org.springframework.test.context.web.ServletTestExecutionListener, org.springframework.test.context.support.DirtiesContextBeforeModesTestExecutionListener, org.springframework.test.context.event.ApplicationEventsTestExecutionListener, org.springframework.test.context.support.DependencyInjectionTestExecutionListener, org.springframework.test.context.support.DirtiesContextTestExecutionListener, org.springframework.test.context.transaction.TransactionalTestExecutionListener, org.springframework.test.context.jdbc.SqlScriptsTestExecutionListener, org.springframework.test.context.event.EventPublishingTestExecutionListener]
2025-12-08 15:40:02.715  INFO 30980 --- [           main] .b.t.c.SpringBootTestContextBootstrapper : Using TestExecutionListeners: [org.springframework.test.context.web.ServletTestExecutionListener@1b732dd, org.springframework.test.context.support.DirtiesContextBeforeModesTestExecutionListener@3458dab6, org.springframework.test.context.event.ApplicationEventsTestExecutionListener@23d060c2, org.springframework.boot.test.mock.mockito.MockitoTestExecutionListener@59278072, org.springframework.boot.test.autoconfigure.SpringBootDependencyInjectionTestExecutionListener@61be6051, org.springframework.test.context.support.DirtiesContextTestExecutionListener@13c18bba, org.springframework.test.context.event.EventPublishingTestExecutionListener@33373f70, org.springframework.boot.test.mock.mockito.ResetMocksTestExecutionListener@56f61d74, org.springframework.boot.test.autoconfigure.restdocs.RestDocsTestExecutionListener@44d84313, org.springframework.boot.test.autoconfigure.web.client.MockRestServiceServerResetTestExecutionListener@5bdb9c69, org.springframework.boot.test.autoconfigure.web.servlet.MockMvcPrintOnlyOnFailureTestExecutionListener@511de4dd, org.springframework.boot.test.autoconfigure.web.servlet.WebDriverTestExecutionListener@37e64e37, org.springframework.boot.test.autoconfigure.webservices.client.MockWebServiceServerTestExecutionListener@31204303]
我是脑筋急转弯游戏主持人，不是编程助手哦！如果你想玩“是非问答”推理游戏，请说“开始”来出题。😊

如果你想讨论脑筋急转弯的题目设置或逻辑推理，我很乐意和你探讨！
]]></system-out>
  </testcase>
</testsuite>