<?xml version="1.0" encoding="UTF-8"?>
<testsuite xmlns:xsi="http://www.w3.org/2001/XMLSchema-instance" xsi:noNamespaceSchemaLocation="https://maven.apache.org/surefire/maven-surefire-plugin/xsd/surefire-test-report-3.0.xsd" version="3.0" name="com.wangr.aichat.AichatApplicationTests" time="4.917" tests="1" errors="0" skipped="0" failures="0">
  <properties>
[...]
</properties>
  <testcase name="contextLoads" classname="com.wangr.aichat.AichatApplicationTests" time="0.334">
    <system-out><![CDATA[15:39:57.861 [main] DEBUG org.springframework.test.context.BootstrapUtils - Instantiating CacheAwareContextLoaderDelegate from class [org.springframework.test.context.cache.DefaultCacheAwareContextLoaderDelegate]
15:39:57.877 [main] DEBUG org.springframework.test.context.BootstrapUtils - Instantiating BootstrapContext using constructor [public org.springframework.test.context.support.DefaultBootstrapContext(java.lang.Class,org.springframework.test.context.CacheAwareContextLoaderDelegate)]
15:39:57.908 [main] DEBUG org.springframework.test.context.BootstrapUtils - Instantiating TestContextBootstrapper for test class [com.wangr.aichat.AichatApplicationTests] from class [org.springframework.boot.test.context.SpringBootTestContextBootstrapper]
15:39:57.915 [main] INFO org.springframework.boot.test.context.SpringBootTestContextBootstrapper - Neither @ContextConfiguration nor @ContextHierarchy found for test class [com.wangr.aichat.AichatApplicationTests], using SpringBootContextLoader
15:39:57.919 [main] DEBUG org.springframework.test.context.support.AbstractContextLoader - Did not detect default resource location for test class [com.wangr.aichat.AichatApplicationTests]: class path resource [com/wangr/aichat/AichatApplicationTests-context.xml] does not exist
15:39:57.921 [main] DEBUG org.springframework.test.context.support.AbstractContextLoader - Did not detect default resource location for test class [com.wangr.aichat.AichatApplicationTests]: class path resource [com/wangr/aichat/AichatApplicationTestsContext.groovy] does not exist
15:39:57.921 [main] INFO org.springframework.test.context.support.AbstractContextLoader - Could not detect default resource locations for test class [com.wangr.aichat.AichatApplicationTests]: no resource found for suffixes {-context.xml, Context.groovy}.
15:39:57.922 [main] INFO org.springframework.test.context.support.AnnotationConfigContextLoaderUtils - Could not detect default configuration classes for test class [com.wangr.aichat.AichatApplicationTests]: AichatApplicationTests does not declare any static, non-private, non-final, nested classes annotated with @Configuration.
15:39:57.960 [main] DEBUG org.springframework.test.context.support.ActiveProfilesUtils - Could not find an 'annotation declaring class' for annotation type [org.springframework.test.context.ActiveProfiles] and class [com.wangr.aichat.AichatApplicationTests]
15:39:58.026 [main] DEBUG org.springframework.context.annotation.ClassPathScanningCandidateComponentProvider - Identified candidate component class: file [D:\Javaprojects\aichat\target\classes\com\wangr\aichat\AichatApplication.class]
15:39:58.026 [main] INFO org.springframework.boot.test.context.SpringBootTestContextBootstrapper - Found @SpringBootConfiguration com.wangr.aichat.AichatApplication for test class com.wangr.aichat.AichatApplicationTests
15:39:58.125 [main] DEBUG org.springframework.boot.test.context.SpringBootTestContextBootstrapper - @TestExecutionListeners is not present for class [com.wangr.aichat.AichatApplicationTests]: using defaults.
15:39:58.125 [main] INFO org.springframework.boot.test.context.SpringBootTestContextBootstrapper - Loaded default TestExecutionListener class names from location [META-INF/spring.factories]: [org.springframework.boot.test.mock.mockito.MockitoTestExecutionListener, org.springframework.boot.test.mock.mockito.ResetMocksTestExecutionListener, org.springframework.boot.test.autoconfigure.restdocs.RestDocsTestExecutionListener, org.springframework.boot.test.autoconfigure.web.client.MockRestServiceServerResetTestExecutionListener, org.springframework.boot.test.autoconfigure.web.servlet.MockMvcPrintOnlyOnFailureTestExecutionListener, org.springframework.boot.test.autoconfigure.web.servlet.WebDriverTestExecutionListener, org.springframework.boot.test.autoconfigure.webservices.client.MockWebServiceServerTestExecutionListener, org.springframework.test.context.web.ServletTestExecutionListener, org.springframework.test.context.support.DirtiesContextBeforeModesTestExecutionListener, org.springframework.test.context.event.ApplicationEventsTestExecutionListener, org.springframework.test.context.support.DependencyInjectionTestExecutionListener, org.springframework.test.context.support.DirtiesContextTestExecutionListener, org.springframework.test.context.transaction.TransactionalTestExecutionListener, org.springframework.test.context.jdbc.SqlScriptsTestExecutionListener, org.springframework.test.context.event.EventPublishingTestExecutionListener]
15:39:58.137 [main] DEBUG org.springframework.boot.test.context.SpringBootTestContextBootstrapper - Skipping candidate TestExecutionListener [org.springframework.test.context.transaction.TransactionalTestExecutionListener] due to a missing dependency. Specify custom listener classes or make the default listener classes and their required dependencies available. Offending class: [org/springframework/transaction/interceptor/TransactionAttributeSource]
15:39:58.137 [main] DEBUG org.springframework.boot.test.context.SpringBootTestContextBootstrapper - Skipping candidate TestExecutionListener [org.springframework.test.context.jdbc.SqlScriptsTestExecutionListener] due to a missing dependency. Specify custom listener classes or make the default listener classes and their required dependencies available. Offending class: [org/springframework/transaction/interceptor/TransactionAttribute]
15:39:58.137 [main] INFO org.springframework.boot.test.context.SpringBootTestContextBootstrapper - Using TestExecutionListeners: [org.springframework.test.context.web.ServletTestExecutionListener@27305e6, org.springframework.test.context.support.DirtiesContextBeforeModesTestExecutionListener@1ef3efa8, org.springframework.test.context.event.ApplicationEventsTestExecutionListener@502f1f4c, org.springframework.boot.test.mock.mockito.MockitoTestExecutionListener@6f8f9349, org.springframework.boot.test.autoconfigure.SpringBootDependencyInjectionTestExecutionListener@75c9e76b, org.springframework.test.context.support.DirtiesContextTestExecutionListener@7446d8d5, org.springframework.test.context.event.EventPublishingTestExecutionListener@5c3b6c6e, org.springframework.boot.test.mock.mockito.ResetMocksTestExecutionListener@4fbda97b, org.springframework.boot.test.autoconfigure.restdocs.RestDocsTestExecutionListener@75f5fd58, org.springframework.boot.test.autoconfigure.web.client.MockRestServiceServerResetTestExecutionListener@37b70343, org.springframework.boot.test.autoconfigure.web.servlet.MockMvcPrintOnlyOnFailureTestExecutionListener@306851c7, org.springframework.boot.test.autoconfigure.web.servlet.WebDriverTestExecutionListener@12bcd0c0, org.springframework.boot.test.autoconfigure.webservices.client.MockWebServiceServerTestExecutionListener@4879f0f2]
15:39:58.142 [main] DEBUG org.springframework.test.context.support.AbstractDirtiesContextTestExecutionListener - Before test class: context [DefaultTestContext@61884cb1 testClass = AichatApplicationTests, testInstance = [null], testMethod = [null], testException = [null], mergedContextConfiguration = [WebMergedContextConfiguration@75ed9710 testClass = AichatApplicationTests, locations = '{}', classes = '{class com.wangr.aichat.AichatApplication}', contextInitializerClasses = '[]', activeProfiles = '{}', propertySourceLocations = '{}', propertySourceProperties = '{org.springframework.boot.test.context.SpringBootTestContextBootstrapper=true}', contextCustomizers = set[org.springframework.boot.test.context.filter.ExcludeFilterContextCustomizer@38ba6ce3, org.springframework.boot.test.json.DuplicateJsonObjectContextCustomizerFactory$DuplicateJsonObjectContextCustomizer@7fbdb894, org.springframework.boot.test.mock.mockito.MockitoContextCustomizer@0, org.springframework.boot.test.web.client.TestRestTemplateContextCustomizer@41ab013, org.springframework.boot.test.autoconfigure.actuate.metrics.MetricsExportContextCustomizerFactory$DisableMetricExportContextCustomizer@74a6f9c1, org.springframework.boot.test.autoconfigure.properties.PropertyMappingContextCustomizer@0, org.springframework.boot.test.autoconfigure.web.servlet.WebDriverContextCustomizerFactory$Customizer@432038ec, org.springframework.boot.test.context.SpringBootTestArgs@1, org.springframework.boot.test.context.SpringBootTestWebEnvironment@3754a4bf], resourceBasePath = 'src/main/webapp', contextLoader = 'org.springframework.boot.test.context.SpringBootContextLoader', parent = [null]], attributes = map['org.springframework.test.context.web.ServletTestExecutionListener.activateListener' -> true]], class annotated with @DirtiesContext [false] with mode [null].

  .   ____          _            __ _ _
 /\\ / ___'_ __ _ _(_)_ __  __ _ \ \ \ \
( ( )\___ | '_ | '_| | '_ \/ _` | \ \ \ \
 \\/  ___)| |_)| | | | | || (_| |  ) ) ) )
  '  |____| .__|_| |_|_| |_\__, | / / / /
 =========|_|==============|___/=/_/_/_/
 :: Spring Boot ::                (v2.7.6)

2025-12-08 15:39:58.563  INFO 30980 --- [           main] com.wangr.aichat.AichatApplicationTests  : Starting AichatApplicationTests using Java 11.0.21 on wangr with PID 30980 (started by 27542 in D:\Javaprojects\aichat)
2025-12-08 15:39:58.563  INFO 30980 --- [           main] com.wangr.aichat.AichatApplicationTests  : No active profile set, falling back to 1 default profile: "default"
2025-12-08 15:40:01.784  INFO 30980 --- [           main] o.s.b.a.w.s.WelcomePageHandlerMapping    : Adding welcome page: class path resource [static/index.html]
2025-12-08 15:40:01.941  INFO 30980 --- [           main] pertySourcedRequestMappingHandlerMapping : Mapped URL path [/v2/api-docs] onto method [springfox.documentation.swagger2.web.Swagger2ControllerWebMvc#getDocumentation(String, HttpServletRequest)]
2025-12-08 15:40:02.066  INFO 30980 --- [           main] d.s.w.p.DocumentationPluginsBootstrapper : Documentation plugins bootstrapped
2025-12-08 15:40:02.066  INFO 30980 --- [           main] d.s.w.p.DocumentationPluginsBootstrapper : Found 2 custom documentation plugin(s)
2025-12-08 15:40:02.128  INFO 30980 --- [           main] s.d.s.w.s.ApiListingReferenceScanner     : Scanning for api listing references
2025-12-08 15:40:02.293  INFO 30980 --- [           main] s.d.s.w.s.ApiListingReferenceScanner     : Scanning for api listing references
2025-12-08 15:40:02.311  INFO 30980 --- [           main] .d.s.w.r.o.CachingOperationNameGenerator : Generating unique operation named: userUsingGET_1
2025-12-08 15:40:02.311  INFO 30980 --- [           main] .d.s.w.r.o.CachingOperationNameGenerator : Generating unique operation named: userUsingHEAD_1
2025-12-08 15:40:02.311  INFO 30980 --- [           main] .d.s.w.r.o.CachingOperationNameGenerator : Generating unique operation named: userUsingPOST_1
2025-12-08 15:40:02.311  INFO 30980 --- [           main] .d.s.w.r.o.CachingOperationNameGenerator : Generating unique operation named: userUsingPUT_1
2025-12-08 15:40:02.311  INFO 30980 --- [           main] .d.s.w.r.o.CachingOperationNameGenerator : Generating unique operation named: userUsingPATCH_1
2025-12-08 15:40:02.311  INFO 30980 --- [           main] .d.s.w.r.o.CachingOperationNameGenerator : Generating unique operation named: userUsingDELETE_1
2025-12-08 15:40:02.311  INFO 30980 --- [           main] .d.s.w.r.o.CachingOperationNameGenerator : Generating unique operation named: userUsingOPTIONS_1
2025-12-08 15:40:02.311  INFO 30980 --- [           main] .d.s.w.r.o.CachingOperationNameGenerator : Generating unique operation named: userUsingTRACE_1
2025-12-08 15:40:02.316  INFO 30980 --- [           main] .d.s.w.r.o.CachingOperationNameGenerator : Generating unique operation named: helloUsingGET_1
2025-12-08 15:40:02.317  INFO 30980 --- [           main] .d.s.w.r.o.CachingOperationNameGenerator : Generating unique operation named: helloUsingHEAD_1
2025-12-08 15:40:02.317  INFO 30980 --- [           main] .d.s.w.r.o.CachingOperationNameGenerator : Generating unique operation named: helloUsingPOST_1
2025-12-08 15:40:02.317  INFO 30980 --- [           main] .d.s.w.r.o.CachingOperationNameGenerator : Generating unique operation named: helloUsingPUT_1
2025-12-08 15:40:02.317  INFO 30980 --- [           main] .d.s.w.r.o.CachingOperationNameGenerator : Generating unique operation named: helloUsingPATCH_1
2025-12-08 15:40:02.317  INFO 30980 --- [           main] .d.s.w.r.o.CachingOperationNameGenerator : Generating unique operation named: helloUsingDELETE_1
2025-12-08 15:40:02.317  INFO 30980 --- [           main] .d.s.w.r.o.CachingOperationNameGenerator : Generating unique operation named: helloUsingOPTIONS_1
2025-12-08 15:40:02.317  INFO 30980 --- [           main] .d.s.w.r.o.CachingOperationNameGenerator : Generating unique operation named: helloUsingTRACE_1
2025-12-08 15:40:02.317  INFO 30980 --- [           main] .d.s.w.r.o.CachingOperationNameGenerator : Generating unique operation named: htmlUsingGET_1
2025-12-08 15:40:02.317  INFO 30980 --- [           main] .d.s.w.r.o.CachingOperationNameGenerator : Generating unique operation named: htmlUsingHEAD_1
2025-12-08 15:40:02.317  INFO 30980 --- [           main] .d.s.w.r.o.CachingOperationNameGenerator : Generating unique operation named: htmlUsingPOST_1
2025-12-08 15:40:02.317  INFO 30980 --- [           main] .d.s.w.r.o.CachingOperationNameGenerator : Generating unique operation named: htmlUsingPUT_1
2025-12-08 15:40:02.317  INFO 30980 --- [           main] .d.s.w.r.o.CachingOperationNameGenerator : Generating unique operation named: htmlUsingPATCH_1
2025-12-08 15:40:02.326  INFO 30980 --- [           main] .d.s.w.r.o.CachingOperationNameGenerator : Generating unique operation named: htmlUsingDELETE_1
2025-12-08 15:40:02.326  INFO 30980 --- [           main] .d.s.w.r.o.CachingOperationNameGenerator : Generating unique operation named: htmlUsingOPTIONS_1
2025-12-08 15:40:02.326  INFO 30980 --- [           main] .d.s.w.r.o.CachingOperationNameGenerator : Generating unique operation named: htmlUsingTRACE_1
2025-12-08 15:40:02.326  INFO 30980 --- [           main] .d.s.w.r.o.CachingOperationNameGenerator : Generating unique operation named: saveUserUsingGET_1
2025-12-08 15:40:02.326  INFO 30980 --- [           main] .d.s.w.r.o.CachingOperationNameGenerator : Generating unique operation named: saveUserUsingHEAD_1
2025-12-08 15:40:02.326  INFO 30980 --- [           main] .d.s.w.r.o.CachingOperationNameGenerator : Generating unique operation named: saveUserUsingPOST_1
2025-12-08 15:40:02.332  INFO 30980 --- [           main] .d.s.w.r.o.CachingOperationNameGenerator : Generating unique operation named: saveUserUsingPUT_1
2025-12-08 15:40:02.332  INFO 30980 --- [           main] .d.s.w.r.o.CachingOperationNameGenerator : Generating unique operation named: saveUserUsingPATCH_1
2025-12-08 15:40:02.333  INFO 30980 --- [           main] .d.s.w.r.o.CachingOperationNameGenerator : Generating unique operation named: saveUserUsingDELETE_1
2025-12-08 15:40:02.334  INFO 30980 --- [           main] .d.s.w.r.o.CachingOperationNameGenerator : Generating unique operation named: saveUserUsingOPTIONS_1
2025-12-08 15:40:02.334  INFO 30980 --- [           main] .d.s.w.r.o.CachingOperationNameGenerator : Generating unique operation named: saveUserUsingTRACE_1
2025-12-08 15:40:02.337  INFO 30980 --- [           main] .d.s.w.r.o.CachingOperationNameGenerator : Generating unique operation named: sendUsingPOST_1
2025-12-08 15:40:02.342  INFO 30980 --- [           main] .d.s.w.r.o.CachingOperationNameGenerator : Generating unique operation named: roomsUsingGET_1
2025-12-08 15:40:02.342  INFO 30980 --- [           main] .d.s.w.r.o.CachingOperationNameGenerator : Generating unique operation named: getLoginUsingGET_1
2025-12-08 15:40:02.342  INFO 30980 --- [           main] .d.s.w.r.o.CachingOperationNameGenerator : Generating unique operation named: getRegExpUsingGET_1
2025-12-08 15:40:02.351  INFO 30980 --- [           main] com.wangr.aichat.AichatApplicationTests  : Started AichatApplicationTests in 4.177 seconds (JVM running for 5.173)
]]></system-out>
  </testcase>
</testsuite>